<?xml version="1.0" encoding="UTF-8"?>
<!-- Generated by org.testng.reporters.JUnitXMLReporter -->
<testsuite ignored="0" hostname="DESKTOP-5ADPD0V" failures="0" tests="3" name="Default test" time="8.207" errors="0" timestamp="2024-03-22T11:07:10 IST">
  <testcase classname="com.asp.webdriver.testhome" name="testHomePageLoad" time="0.04"/>
  <testcase classname="com.asp.webdriver.testhome" name="testEssentialInformation" time="0.14"/>
  <testcase classname="com.asp.webdriver.testhome" name="testNavigationLinks" time="1.125"/>
</testsuite> <!-- Default test -->
