<?xml version="1.0" encoding="UTF-8"?>
<testng-results ignored="0" total="3" passed="3" failed="0" skipped="0">
  <reporter-output>
  </reporter-output>
  <suite started-at="2024-03-22T11:07:02 IST" name="Default suite" finished-at="2024-03-22T11:07:10 IST" duration-ms="8207">
    <groups>
    </groups>
    <test started-at="2024-03-22T11:07:02 IST" name="Default test" finished-at="2024-03-22T11:07:10 IST" duration-ms="8207">
      <class name="com.asp.webdriver.testhome">
        <test-method is-config="true" signature="setUp()[pri:0, instance:com.asp.webdriver.testhome@73a1e9a9]" started-at="2024-03-22T11:07:02 IST" name="setUp" finished-at="2024-03-22T11:07:08 IST" duration-ms="6035" status="PASS">
          <reporter-output>
          </reporter-output>
        </test-method> <!-- setUp -->
        <test-method signature="testHomePageLoad()[pri:1, instance:com.asp.webdriver.testhome@73a1e9a9]" started-at="2024-03-22T11:07:08 IST" name="testHomePageLoad" finished-at="2024-03-22T11:07:08 IST" duration-ms="40" status="PASS">
          <reporter-output>
          </reporter-output>
        </test-method> <!-- testHomePageLoad -->
        <test-method signature="testEssentialInformation()[pri:2, instance:com.asp.webdriver.testhome@73a1e9a9]" started-at="2024-03-22T11:07:08 IST" name="testEssentialInformation" finished-at="2024-03-22T11:07:08 IST" duration-ms="140" status="PASS">
          <reporter-output>
          </reporter-output>
        </test-method> <!-- testEssentialInformation -->
        <test-method signature="testNavigationLinks()[pri:3, instance:com.asp.webdriver.testhome@73a1e9a9]" started-at="2024-03-22T11:07:08 IST" name="testNavigationLinks" finished-at="2024-03-22T11:07:09 IST" duration-ms="1125" status="PASS">
          <reporter-output>
          </reporter-output>
        </test-method> <!-- testNavigationLinks -->
        <test-method is-config="true" signature="tearDown()[pri:0, instance:com.asp.webdriver.testhome@73a1e9a9]" started-at="2024-03-22T11:07:09 IST" name="tearDown" finished-at="2024-03-22T11:07:10 IST" duration-ms="754" status="PASS">
          <reporter-output>
          </reporter-output>
        </test-method> <!-- tearDown -->
      </class> <!-- com.asp.webdriver.testhome -->
    </test> <!-- Default test -->
  </suite> <!-- Default suite -->
</testng-results>
